[debug] [2023-08-06T13:21:11.717Z] ----------------------------------------------------------------------
[debug] [2023-08-06T13:21:11.718Z] Command:       C:\Program Files\nodejs\node.exe C:\Program Files\nodejs\node_modules\firebase-tools\lib\bin\firebase.js init
[debug] [2023-08-06T13:21:11.719Z] CLI Version:   12.4.7
[debug] [2023-08-06T13:21:11.719Z] Platform:      win32
[debug] [2023-08-06T13:21:11.719Z] Node Version:  v16.17.0
[debug] [2023-08-06T13:21:11.720Z] Time:          Sun Aug 06 2023 22:21:11 GMT+0900 (日本標準時)
[debug] [2023-08-06T13:21:11.720Z] ----------------------------------------------------------------------
[debug] 
[debug] [2023-08-06T13:21:11.762Z] > command requires scopes: ["email","openid","https://www.googleapis.com/auth/cloudplatformprojects.readonly","https://www.googleapis.com/auth/firebase","https://www.googleapis.com/auth/cloud-platform"]
[debug] [2023-08-06T13:21:11.763Z] > authorizing via signed-in user (shunsuk.free@gmail.com)
[info] 
     ######## #### ########  ######## ########     ###     ######  ########
     ##        ##  ##     ## ##       ##     ##  ##   ##  ##       ##
     ######    ##  ########  ######   ########  #########  ######  ######
     ##        ##  ##    ##  ##       ##     ## ##     ##       ## ##
     ##       #### ##     ## ######## ########  ##     ##  ######  ########

You're about to initialize a Firebase project in this directory:

  C:\Users\0000\Documents\workspace\twitter-demo_app

Before we get started, keep in mind:

  * You are initializing within an existing Firebase project directory

